<?xml version="1.0" encoding="UTF-8"?>
<!-- Generated by org.testng.reporters.JUnitReportReporter -->
<testsuite hostname="Ranjith-PC" failures="0" tests="2" name="com.TestNGBasicAnnotations.ExpectedExceptionTest" time="0.040" errors="0" timestamp="01 Feb 2020 18:34:00 GMT" skipped="0">
  <testcase classname="com.TestNGBasicAnnotations.ExpectedExceptionTest" name="NumberFormatException" time="0.034"/>
  <testcase classname="com.TestNGBasicAnnotations.ExpectedExceptionTest" name="ArrayException" time="0.006"/>
</testsuite> <!-- com.TestNGBasicAnnotations.ExpectedExceptionTest -->
