<?xml version="1.0" encoding="UTF-8"?>
<!-- Generated by org.testng.reporters.JUnitReportReporter -->
<testsuite hostname="Ranjith-PC" failures="0" tests="3" name="com.TestNGBasicAnnotations.TestNGBASICS" time="0.049" errors="0" timestamp="01 Feb 2020 18:34:00 GMT" skipped="0">
  <testcase classname="com.TestNGBasicAnnotations.TestNGBASICS" name="TestCase1" time="0.027"/>
  <testcase classname="com.TestNGBasicAnnotations.TestNGBASICS" name="TestCase3" time="0.010"/>
  <testcase classname="com.TestNGBasicAnnotations.TestNGBASICS" name="TestCase2" time="0.012"/>
</testsuite> <!-- com.TestNGBasicAnnotations.TestNGBASICS -->
