<?xml version="1.0" encoding="UTF-8"?>
<!-- Generated by org.testng.reporters.JUnitReportReporter -->
<testsuite hostname="Ranjith-PC" failures="0" tests="3" name="com.TestNGBasicAnnotations.InvocationCountTest" time="0.037" errors="0" timestamp="01 Feb 2020 18:42:34 GMT" skipped="1">
  <testcase classname="com.TestNGBasicAnnotations.InvocationCountTest" name="sum" time="0.032"/>
  <testcase classname="com.TestNGBasicAnnotations.InvocationCountTest" name="sum" time="0.005"/>
  <testcase classname="com.TestNGBasicAnnotations.InvocationCountTest" name="sum1">
    <skipped/>
  </testcase> <!-- sum1 -->
</testsuite> <!-- com.TestNGBasicAnnotations.InvocationCountTest -->
